2021-12-10 20:54:27,462 - kedro.framework.session.session - INFO - ** Kedro project kedro_tutorial
2021-12-10 20:54:30,870 - kedro.framework.session.store - INFO - `save()` not implemented for `BaseSessionStore`. Skipping the step.
2021-12-10 20:56:55,445 - kedro.framework.session.session - INFO - ** Kedro project kedro_tutorial
2021-12-10 20:56:59,324 - kedro.io.data_catalog - INFO - Loading data from `shuttles` (ExcelDataSet)...
2021-12-10 20:56:59,354 - kedro.runner.sequential_runner - WARNING - There are 7 nodes that have not run.
You can resume the pipeline run by adding the following argument to your previous command:

2021-12-10 20:56:59,375 - kedro.framework.session.store - INFO - `save()` not implemented for `BaseSessionStore`. Skipping the step.
2021-12-10 20:58:36,286 - kedro.framework.session.session - INFO - ** Kedro project kedro_tutorial
2021-12-10 20:58:39,961 - kedro.io.data_catalog - INFO - Loading data from `companies` (CSVDataSet)...
2021-12-10 20:58:40,077 - kedro.pipeline.node - INFO - Running node: preprocess_companies_node: preprocess_companies([companies]) -> [preprocessed_companies]
2021-12-10 20:58:40,161 - kedro.io.data_catalog - INFO - Saving data to `preprocessed_companies` (CSVDataSet)...
2021-12-10 20:58:40,767 - kedro.runner.sequential_runner - INFO - Completed 1 out of 7 tasks
2021-12-10 20:58:40,769 - kedro.io.data_catalog - INFO - Loading data from `shuttles` (ExcelDataSet)...
2021-12-10 20:59:05,289 - kedro.pipeline.node - INFO - Running node: preprocess_shuttles_node: preprocess_shuttles([shuttles]) -> [preprocessed_shuttles]
2021-12-10 20:59:05,440 - kedro.io.data_catalog - INFO - Saving data to `preprocessed_shuttles` (CSVDataSet)...
2021-12-10 20:59:06,637 - kedro.runner.sequential_runner - INFO - Completed 2 out of 7 tasks
2021-12-10 20:59:06,639 - kedro.io.data_catalog - INFO - Loading data from `preprocessed_shuttles` (CSVDataSet)...
2021-12-10 20:59:06,853 - kedro.io.data_catalog - INFO - Loading data from `preprocessed_companies` (CSVDataSet)...
2021-12-10 20:59:06,938 - kedro.io.data_catalog - INFO - Loading data from `reviews` (CSVDataSet)...
2021-12-10 20:59:07,055 - kedro.pipeline.node - INFO - Running node: create_model_input_table_node: create_model_input_table([preprocessed_shuttles,preprocessed_companies,reviews]) -> [model_input_table]
2021-12-10 20:59:09,495 - kedro.io.data_catalog - INFO - Saving data to `model_input_table` (CSVDataSet)...
2021-12-10 20:59:36,584 - kedro.runner.sequential_runner - INFO - Completed 3 out of 7 tasks
2021-12-10 20:59:36,586 - kedro.io.data_catalog - INFO - Loading data from `model_input_table` (CSVDataSet)...
2021-12-10 20:59:39,708 - kedro.io.data_catalog - INFO - Loading data from `parameters` (MemoryDataSet)...
2021-12-10 20:59:39,710 - kedro.pipeline.node - INFO - Running node: split_data([model_input_table,parameters]) -> [X_train@pickle,X_test,y_train,y_test]
2021-12-10 20:59:39,980 - kedro.io.data_catalog - INFO - Saving data to `X_train@pickle` (PickleDataSet)...
2021-12-10 20:59:40,037 - botocore.credentials - INFO - Found credentials in shared credentials file: ~/.aws/credentials
2021-12-10 20:59:48,430 - kedro.io.data_catalog - INFO - Saving data to `X_test` (MemoryDataSet)...
2021-12-10 20:59:48,434 - kedro.io.data_catalog - INFO - Saving data to `y_train` (PickleDataSet)...
2021-12-10 20:59:52,691 - kedro.io.data_catalog - INFO - Saving data to `y_test` (MemoryDataSet)...
2021-12-10 20:59:52,736 - kedro.runner.sequential_runner - INFO - Completed 4 out of 7 tasks
2021-12-10 20:59:52,738 - kedro.io.data_catalog - INFO - Loading data from `X_train@path` (MemoryDataSet)...
2021-12-10 20:59:52,741 - kedro.io.data_catalog - INFO - Loading data from `params:sklearn_estimator_kwargs` (MemoryDataSet)...
2021-12-10 20:59:52,743 - kedro.pipeline.node - INFO - Running node: train_model_sagemaker([X_train@path,params:sklearn_estimator_kwargs]) -> [model_path]
2021-12-10 20:59:52,763 - botocore.credentials - INFO - Found credentials in shared credentials file: ~/.aws/credentials
2021-12-10 20:59:52,985 - sagemaker.image_uris - INFO - Same images used for training and inference. Defaulting to image scope: inference.
2021-12-10 20:59:53,001 - sagemaker.image_uris - INFO - Defaulting to the only supported framework/algorithm version: latest.
2021-12-10 20:59:53,016 - sagemaker.image_uris - INFO - Ignoring unnecessary instance type: None.
2021-12-10 20:59:53,023 - kedro.pipeline.node - ERROR - Node `train_model_sagemaker([X_train@path,params:sklearn_estimator_kwargs]) -> [model_path]` failed with error: 
[WinError 2] The system cannot find the file specified: 'src/kedro_tutorial/sagemaker_entry_point.py'
2021-12-10 20:59:53,038 - kedro.runner.sequential_runner - WARNING - There are 3 nodes that have not run.
You can resume the pipeline run by adding the following argument to your previous command:
  --from-nodes "evaluate_model([regressor,X_test,y_test]) -> None,train_model_sagemaker([X_train@path,params:sklearn_estimator_kwargs]) -> [model_path]"
2021-12-10 20:59:53,059 - kedro.framework.session.store - INFO - `save()` not implemented for `BaseSessionStore`. Skipping the step.
2021-12-10 21:00:41,067 - kedro.framework.session.session - INFO - ** Kedro project kedro_tutorial
2021-12-10 21:00:44,681 - kedro.io.data_catalog - INFO - Loading data from `companies` (CSVDataSet)...
2021-12-10 21:00:44,766 - kedro.pipeline.node - INFO - Running node: preprocess_companies_node: preprocess_companies([companies]) -> [preprocessed_companies]
2021-12-10 21:00:44,840 - kedro.io.data_catalog - INFO - Saving data to `preprocessed_companies` (CSVDataSet)...
2021-12-10 21:00:45,439 - kedro.runner.sequential_runner - INFO - Completed 1 out of 7 tasks
2021-12-10 21:00:45,442 - kedro.io.data_catalog - INFO - Loading data from `shuttles` (ExcelDataSet)...
2021-12-10 21:01:10,036 - kedro.pipeline.node - INFO - Running node: preprocess_shuttles_node: preprocess_shuttles([shuttles]) -> [preprocessed_shuttles]
2021-12-10 21:01:10,187 - kedro.io.data_catalog - INFO - Saving data to `preprocessed_shuttles` (CSVDataSet)...
2021-12-10 21:01:11,384 - kedro.runner.sequential_runner - INFO - Completed 2 out of 7 tasks
2021-12-10 21:01:11,386 - kedro.io.data_catalog - INFO - Loading data from `preprocessed_shuttles` (CSVDataSet)...
2021-12-10 21:01:11,614 - kedro.io.data_catalog - INFO - Loading data from `preprocessed_companies` (CSVDataSet)...
2021-12-10 21:01:11,699 - kedro.io.data_catalog - INFO - Loading data from `reviews` (CSVDataSet)...
2021-12-10 21:01:11,819 - kedro.pipeline.node - INFO - Running node: create_model_input_table_node: create_model_input_table([preprocessed_shuttles,preprocessed_companies,reviews]) -> [model_input_table]
2021-12-10 21:01:14,098 - kedro.io.data_catalog - INFO - Saving data to `model_input_table` (CSVDataSet)...
2021-12-10 21:01:41,276 - kedro.runner.sequential_runner - INFO - Completed 3 out of 7 tasks
2021-12-10 21:01:41,277 - kedro.io.data_catalog - INFO - Loading data from `model_input_table` (CSVDataSet)...
2021-12-10 21:01:44,440 - kedro.io.data_catalog - INFO - Loading data from `parameters` (MemoryDataSet)...
2021-12-10 21:01:44,442 - kedro.pipeline.node - INFO - Running node: split_data([model_input_table,parameters]) -> [X_train@pickle,X_test,y_train,y_test]
2021-12-10 21:01:44,695 - kedro.io.data_catalog - INFO - Saving data to `X_train@pickle` (PickleDataSet)...
2021-12-10 21:01:44,739 - botocore.credentials - INFO - Found credentials in shared credentials file: ~/.aws/credentials
2021-12-10 21:01:58,231 - kedro.io.data_catalog - INFO - Saving data to `X_test` (MemoryDataSet)...
2021-12-10 21:01:58,235 - kedro.io.data_catalog - INFO - Saving data to `y_train` (PickleDataSet)...
2021-12-10 21:02:05,740 - kedro.io.data_catalog - INFO - Saving data to `y_test` (MemoryDataSet)...
2021-12-10 21:02:05,784 - kedro.runner.sequential_runner - INFO - Completed 4 out of 7 tasks
2021-12-10 21:02:05,786 - kedro.io.data_catalog - INFO - Loading data from `X_train@path` (MemoryDataSet)...
2021-12-10 21:02:05,789 - kedro.io.data_catalog - INFO - Loading data from `params:sklearn_estimator_kwargs` (MemoryDataSet)...
2021-12-10 21:02:05,791 - kedro.pipeline.node - INFO - Running node: train_model_sagemaker([X_train@path,params:sklearn_estimator_kwargs]) -> [model_path]
2021-12-10 21:02:05,813 - botocore.credentials - INFO - Found credentials in shared credentials file: ~/.aws/credentials
2021-12-10 21:02:06,045 - sagemaker.image_uris - INFO - Same images used for training and inference. Defaulting to image scope: inference.
2021-12-10 21:02:06,061 - sagemaker.image_uris - INFO - Defaulting to the only supported framework/algorithm version: latest.
2021-12-10 21:02:06,076 - sagemaker.image_uris - INFO - Ignoring unnecessary instance type: None.
2021-12-10 21:02:08,711 - sagemaker - INFO - Creating training-job with name: sagemaker-scikit-learn-2021-12-11-03-02-06-059
2021-12-10 21:10:40,158 - kedro.io.data_catalog - INFO - Saving data to `model_path` (MemoryDataSet)...
2021-12-10 21:10:40,161 - kedro.runner.sequential_runner - INFO - Completed 5 out of 7 tasks
2021-12-10 21:10:40,163 - kedro.io.data_catalog - INFO - Loading data from `model_path` (MemoryDataSet)...
2021-12-10 21:10:40,165 - kedro.pipeline.node - INFO - Running node: untar_model([model_path]) -> [regressor]
2021-12-10 21:10:40,409 - kedro.io.data_catalog - INFO - Saving data to `regressor` (PickleDataSet)...
2021-12-10 21:10:40,470 - kedro.runner.sequential_runner - INFO - Completed 6 out of 7 tasks
2021-12-10 21:10:40,472 - kedro.io.data_catalog - INFO - Loading data from `regressor` (PickleDataSet)...
2021-12-10 21:10:40,481 - kedro.io.data_catalog - INFO - Loading data from `X_test` (MemoryDataSet)...
2021-12-10 21:10:40,488 - kedro.io.data_catalog - INFO - Loading data from `y_test` (MemoryDataSet)...
2021-12-10 21:10:40,490 - kedro.pipeline.node - INFO - Running node: evaluate_model([regressor,X_test,y_test]) -> None
2021-12-10 21:10:40,659 - kedro_tutorial.pipelines.data_science.nodes - INFO - Model has a coefficient R^2 of 0.462 on test data.
2021-12-10 21:10:40,666 - kedro.runner.sequential_runner - INFO - Completed 7 out of 7 tasks
2021-12-10 21:10:40,668 - kedro.runner.sequential_runner - INFO - Pipeline execution completed successfully.
2021-12-10 21:10:40,670 - kedro.framework.session.store - INFO - `save()` not implemented for `BaseSessionStore`. Skipping the step.
2021-12-10 21:20:36,034 - kedro.config.config - INFO - Config from path `G:\My Drive\umn\Fall 2021\MSBA6320 Data Mgmt\Trends marketplace\Individual\Brandon\kedro_tutorial\conf\local` will override the following existing top-level config keys: s3
2021-12-10 21:20:36,093 - kedro.config.config - INFO - Config from path `G:\My Drive\umn\Fall 2021\MSBA6320 Data Mgmt\Trends marketplace\Individual\Brandon\kedro_tutorial\conf\local` will override the following existing top-level config keys: s3
2021-12-10 21:20:36,323 - kedro.config.config - INFO - Config from path `G:\My Drive\umn\Fall 2021\MSBA6320 Data Mgmt\Trends marketplace\Individual\Brandon\kedro_tutorial\conf\local` will override the following existing top-level config keys: s3
2021-12-10 21:20:38,402 - kedro_viz.models.graph - WARNING - Cannot find parameter `sklearn_estimator_kwargs` in the catalog.
2021-12-10 21:20:38,407 - kedro_viz.models.graph - WARNING - Cannot find parameter `sklearn_estimator_kwargs` in the catalog.
2021-12-10 21:20:39,049 - uvicorn.error - INFO - Started server process [23104]
2021-12-10 21:20:39,057 - uvicorn.error - INFO - Waiting for application startup.
2021-12-10 21:20:39,068 - uvicorn.error - INFO - Application startup complete.
2021-12-10 21:20:39,071 - uvicorn.error - INFO - Uvicorn running on http://127.0.0.1:4141 (Press CTRL+C to quit)
2021-12-11 13:54:01,068 - kedro.config.config - INFO - Config from path `G:\My Drive\umn\Fall 2021\MSBA6320 Data Mgmt\Trends marketplace\Individual\Brandon\kedro_aws_pipeline\kedro_tutorial\conf\local` will override the following existing top-level config keys: s3
2021-12-11 13:54:01,121 - kedro.config.config - INFO - Config from path `G:\My Drive\umn\Fall 2021\MSBA6320 Data Mgmt\Trends marketplace\Individual\Brandon\kedro_aws_pipeline\kedro_tutorial\conf\local` will override the following existing top-level config keys: s3
2021-12-11 13:54:01,368 - kedro.config.config - INFO - Config from path `G:\My Drive\umn\Fall 2021\MSBA6320 Data Mgmt\Trends marketplace\Individual\Brandon\kedro_aws_pipeline\kedro_tutorial\conf\local` will override the following existing top-level config keys: s3
2021-12-11 13:54:04,303 - kedro_viz.models.graph - WARNING - Cannot find parameter `sklearn_estimator_kwargs` in the catalog.
2021-12-11 13:54:04,309 - kedro_viz.models.graph - WARNING - Cannot find parameter `sklearn_estimator_kwargs` in the catalog.
2021-12-11 13:54:04,931 - uvicorn.error - INFO - Started server process [10364]
2021-12-11 13:54:04,945 - uvicorn.error - INFO - Waiting for application startup.
2021-12-11 13:54:04,953 - uvicorn.error - INFO - Application startup complete.
2021-12-11 13:54:04,955 - uvicorn.error - INFO - Uvicorn running on http://127.0.0.1:4141 (Press CTRL+C to quit)
2021-12-11 13:54:20,928 - kedro_viz.data_access.managers - WARNING - Database connection was unsuccessful
2021-12-11 20:21:34,797 - kedro.config.config - INFO - Config from path `G:\My Drive\umn\Fall 2021\MSBA6320 Data Mgmt\Trends marketplace\Individual\Brandon\kedro_aws_pipeline\kedro_tutorial\conf\local` will override the following existing top-level config keys: s3
2021-12-11 20:21:34,857 - kedro.config.config - INFO - Config from path `G:\My Drive\umn\Fall 2021\MSBA6320 Data Mgmt\Trends marketplace\Individual\Brandon\kedro_aws_pipeline\kedro_tutorial\conf\local` will override the following existing top-level config keys: s3
2021-12-11 20:21:35,112 - kedro.config.config - INFO - Config from path `G:\My Drive\umn\Fall 2021\MSBA6320 Data Mgmt\Trends marketplace\Individual\Brandon\kedro_aws_pipeline\kedro_tutorial\conf\local` will override the following existing top-level config keys: s3
2021-12-11 20:21:37,013 - kedro_viz.models.graph - WARNING - Cannot find parameter `sklearn_estimator_kwargs` in the catalog.
2021-12-11 20:21:37,019 - kedro_viz.models.graph - WARNING - Cannot find parameter `sklearn_estimator_kwargs` in the catalog.
2021-12-11 20:21:37,704 - uvicorn.error - INFO - Started server process [17560]
2021-12-11 20:21:37,713 - uvicorn.error - INFO - Waiting for application startup.
2021-12-11 20:21:37,715 - uvicorn.error - INFO - Application startup complete.
2021-12-11 20:21:37,718 - uvicorn.error - INFO - Uvicorn running on http://127.0.0.1:4141 (Press CTRL+C to quit)
